android/app/build/intermediates/manifest_merge_blame_file/release/manifest-merger-blame-release-report.txt
1<?xml version="1.0" encoding="utf-8"?>
2<manifest xmlns:android="http://schemas.android.com/apk/res/android"
3    package="cloud.itsmira.app"
4    android:versionCode="1"
5    android:versionName="1.0.0" >
6
7    <uses-sdk
8        android:minSdkVersion="24"
9        android:targetSdkVersion="34" />
10
11    <!-- Internet & Network -->
12    <uses-permission android:name="android.permission.INTERNET" />
12-->src/main/AndroidManifest.xml:6:5-67
12-->src/main/AndroidManifest.xml:6:22-64
13    <uses-permission android:name="android.permission.ACCESS_NETWORK_STATE" />
13-->src/main/AndroidManifest.xml:7:5-79
13-->src/main/AndroidManifest.xml:7:22-76
14
15    <!-- Microphone Permissions -->
16    <uses-permission android:name="android.permission.RECORD_AUDIO" />
16-->src/main/AndroidManifest.xml:10:5-71
16-->src/main/AndroidManifest.xml:10:22-68
17    <uses-permission android:name="android.permission.MODIFY_AUDIO_SETTINGS" />
17-->src/main/AndroidManifest.xml:11:5-80
17-->src/main/AndroidManifest.xml:11:22-77
18
19    <!-- Camera Permissions -->
20    <uses-permission android:name="android.permission.CAMERA" />
20-->src/main/AndroidManifest.xml:14:5-65
20-->src/main/AndroidManifest.xml:14:22-62
21
22    <uses-feature
22-->src/main/AndroidManifest.xml:15:5-85
23        android:name="android.hardware.camera"
23-->src/main/AndroidManifest.xml:15:19-57
24        android:required="false" />
24-->src/main/AndroidManifest.xml:15:58-82
25    <uses-feature
25-->src/main/AndroidManifest.xml:16:5-95
26        android:name="android.hardware.camera.autofocus"
26-->src/main/AndroidManifest.xml:16:19-67
27        android:required="false" />
27-->src/main/AndroidManifest.xml:16:68-92
28
29    <!-- Location Permissions -->
30    <uses-permission android:name="android.permission.ACCESS_FINE_LOCATION" />
30-->src/main/AndroidManifest.xml:19:5-79
30-->src/main/AndroidManifest.xml:19:22-76
31    <uses-permission android:name="android.permission.ACCESS_COARSE_LOCATION" />
31-->src/main/AndroidManifest.xml:20:5-81
31-->src/main/AndroidManifest.xml:20:22-78
32
33    <!-- Background & Foreground Service Permissions -->
34    <uses-permission android:name="android.permission.FOREGROUND_SERVICE" />
34-->src/main/AndroidManifest.xml:23:5-77
34-->src/main/AndroidManifest.xml:23:22-74
35    <uses-permission android:name="android.permission.FOREGROUND_SERVICE_MICROPHONE" />
35-->src/main/AndroidManifest.xml:24:5-88
35-->src/main/AndroidManifest.xml:24:22-85
36    <uses-permission android:name="android.permission.FOREGROUND_SERVICE_MEDIA_PLAYBACK" />
36-->src/main/AndroidManifest.xml:25:5-92
36-->src/main/AndroidManifest.xml:25:22-89
37    <uses-permission android:name="android.permission.WAKE_LOCK" />
37-->src/main/AndroidManifest.xml:26:5-68
37-->src/main/AndroidManifest.xml:26:22-65
38    <uses-permission android:name="android.permission.REQUEST_IGNORE_BATTERY_OPTIMIZATIONS" />
38-->src/main/AndroidManifest.xml:27:5-95
38-->src/main/AndroidManifest.xml:27:22-92
39    <uses-permission android:name="android.permission.RECEIVE_BOOT_COMPLETED" />
39-->src/main/AndroidManifest.xml:28:5-81
39-->src/main/AndroidManifest.xml:28:22-78
40
41    <!-- Notification Permission (Android 13+) -->
42    <uses-permission android:name="android.permission.POST_NOTIFICATIONS" />
42-->src/main/AndroidManifest.xml:31:5-77
42-->src/main/AndroidManifest.xml:31:22-74
43
44    <!-- Vibration -->
45    <uses-permission android:name="android.permission.VIBRATE" />
45-->src/main/AndroidManifest.xml:34:5-66
45-->src/main/AndroidManifest.xml:34:22-63
46
47    <permission
47-->[androidx.core:core:1.12.0] AndroidManifest.xml:22:5-24:47
48        android:name="cloud.itsmira.app.DYNAMIC_RECEIVER_NOT_EXPORTED_PERMISSION"
48-->[androidx.core:core:1.12.0] AndroidManifest.xml:23:9-81
49        android:protectionLevel="signature" />
49-->[androidx.core:core:1.12.0] AndroidManifest.xml:24:9-44
50
51    <uses-permission android:name="cloud.itsmira.app.DYNAMIC_RECEIVER_NOT_EXPORTED_PERMISSION" />
51-->[androidx.core:core:1.12.0] AndroidManifest.xml:26:5-97
51-->[androidx.core:core:1.12.0] AndroidManifest.xml:26:22-94
52
53    <application
53-->src/main/AndroidManifest.xml:36:5-90:19
54        android:allowBackup="true"
54-->src/main/AndroidManifest.xml:37:9-35
55        android:appComponentFactory="androidx.core.app.CoreComponentFactory"
55-->[androidx.core:core:1.12.0] AndroidManifest.xml:28:18-86
56        android:extractNativeLibs="false"
57        android:hardwareAccelerated="true"
57-->src/main/AndroidManifest.xml:44:9-43
58        android:icon="@mipmap/ic_launcher"
58-->src/main/AndroidManifest.xml:38:9-43
59        android:label="@string/app_name"
59-->src/main/AndroidManifest.xml:39:9-41
60        android:networkSecurityConfig="@xml/network_security_config"
60-->src/main/AndroidManifest.xml:45:9-69
61        android:roundIcon="@mipmap/ic_launcher_round"
61-->src/main/AndroidManifest.xml:40:9-54
62        android:supportsRtl="true"
62-->src/main/AndroidManifest.xml:41:9-35
63        android:theme="@style/Theme.MIRA"
63-->src/main/AndroidManifest.xml:42:9-42
64        android:usesCleartextTraffic="false" >
64-->src/main/AndroidManifest.xml:43:9-45
65
66        <!-- Main Activity -->
67        <activity
67-->src/main/AndroidManifest.xml:49:9-70:20
68            android:name="cloud.itsmira.app.MainActivity"
68-->src/main/AndroidManifest.xml:50:13-41
69            android:configChanges="orientation|keyboardHidden|keyboard|screenSize|locale|smallestScreenSize|screenLayout|uiMode"
69-->src/main/AndroidManifest.xml:52:13-129
70            android:exported="true"
70-->src/main/AndroidManifest.xml:51:13-36
71            android:launchMode="singleTask"
71-->src/main/AndroidManifest.xml:53:13-44
72            android:screenOrientation="portrait"
72-->src/main/AndroidManifest.xml:54:13-49
73            android:theme="@style/Theme.MIRA"
73-->src/main/AndroidManifest.xml:56:13-46
74            android:windowSoftInputMode="adjustResize" >
74-->src/main/AndroidManifest.xml:55:13-55
75            <intent-filter>
75-->src/main/AndroidManifest.xml:58:13-61:29
76                <action android:name="android.intent.action.MAIN" />
76-->src/main/AndroidManifest.xml:59:17-69
76-->src/main/AndroidManifest.xml:59:25-66
77
78                <category android:name="android.intent.category.LAUNCHER" />
78-->src/main/AndroidManifest.xml:60:17-77
78-->src/main/AndroidManifest.xml:60:27-74
79            </intent-filter>
80
81            <!-- Deep link support -->
82            <intent-filter android:autoVerify="true" >
82-->src/main/AndroidManifest.xml:64:13-69:29
82-->src/main/AndroidManifest.xml:64:28-53
83                <action android:name="android.intent.action.VIEW" />
83-->src/main/AndroidManifest.xml:65:17-69
83-->src/main/AndroidManifest.xml:65:25-66
84
85                <category android:name="android.intent.category.DEFAULT" />
85-->src/main/AndroidManifest.xml:66:17-76
85-->src/main/AndroidManifest.xml:66:27-73
86                <category android:name="android.intent.category.BROWSABLE" />
86-->src/main/AndroidManifest.xml:67:17-78
86-->src/main/AndroidManifest.xml:67:27-75
87
88                <data
88-->src/main/AndroidManifest.xml:68:17-77
89                    android:host="itsmira.cloud"
89-->src/main/AndroidManifest.xml:68:46-74
90                    android:scheme="https" />
90-->src/main/AndroidManifest.xml:68:23-45
91            </intent-filter>
92        </activity>
93
94        <!-- Foreground Service for Background Mic -->
95        <service
95-->src/main/AndroidManifest.xml:73:9-77:72
96            android:name="cloud.itsmira.app.MIRABackgroundService"
96-->src/main/AndroidManifest.xml:74:13-50
97            android:enabled="true"
97-->src/main/AndroidManifest.xml:75:13-35
98            android:exported="false"
98-->src/main/AndroidManifest.xml:76:13-37
99            android:foregroundServiceType="microphone|mediaPlayback" />
99-->src/main/AndroidManifest.xml:77:13-69
100
101        <!-- Boot Receiver to restart service -->
102        <receiver
102-->src/main/AndroidManifest.xml:80:9-88:20
103            android:name="cloud.itsmira.app.BootReceiver"
103-->src/main/AndroidManifest.xml:81:13-41
104            android:enabled="true"
104-->src/main/AndroidManifest.xml:82:13-35
105            android:exported="false" >
105-->src/main/AndroidManifest.xml:83:13-37
106            <intent-filter>
106-->src/main/AndroidManifest.xml:84:13-87:29
107                <action android:name="android.intent.action.BOOT_COMPLETED" />
107-->src/main/AndroidManifest.xml:85:17-79
107-->src/main/AndroidManifest.xml:85:25-76
108                <action android:name="android.intent.action.QUICKBOOT_POWERON" />
108-->src/main/AndroidManifest.xml:86:17-82
108-->src/main/AndroidManifest.xml:86:25-79
109            </intent-filter>
110        </receiver>
111
112        <provider
112-->[androidx.emoji2:emoji2:1.2.0] AndroidManifest.xml:24:9-32:20
113            android:name="androidx.startup.InitializationProvider"
113-->[androidx.emoji2:emoji2:1.2.0] AndroidManifest.xml:25:13-67
114            android:authorities="cloud.itsmira.app.androidx-startup"
114-->[androidx.emoji2:emoji2:1.2.0] AndroidManifest.xml:26:13-68
115            android:exported="false" >
115-->[androidx.emoji2:emoji2:1.2.0] AndroidManifest.xml:27:13-37
116            <meta-data
116-->[androidx.emoji2:emoji2:1.2.0] AndroidManifest.xml:29:13-31:52
117                android:name="androidx.emoji2.text.EmojiCompatInitializer"
117-->[androidx.emoji2:emoji2:1.2.0] AndroidManifest.xml:30:17-75
118                android:value="androidx.startup" />
118-->[androidx.emoji2:emoji2:1.2.0] AndroidManifest.xml:31:17-49
119            <meta-data
119-->[androidx.lifecycle:lifecycle-process:2.6.1] AndroidManifest.xml:29:13-31:52
120                android:name="androidx.lifecycle.ProcessLifecycleInitializer"
120-->[androidx.lifecycle:lifecycle-process:2.6.1] AndroidManifest.xml:30:17-78
121                android:value="androidx.startup" />
121-->[androidx.lifecycle:lifecycle-process:2.6.1] AndroidManifest.xml:31:17-49
122            <meta-data
122-->[androidx.profileinstaller:profileinstaller:1.3.0] AndroidManifest.xml:29:13-31:52
123                android:name="androidx.profileinstaller.ProfileInstallerInitializer"
123-->[androidx.profileinstaller:profileinstaller:1.3.0] AndroidManifest.xml:30:17-85
124                android:value="androidx.startup" />
124-->[androidx.profileinstaller:profileinstaller:1.3.0] AndroidManifest.xml:31:17-49
125        </provider>
126
127        <receiver
127-->[androidx.profileinstaller:profileinstaller:1.3.0] AndroidManifest.xml:34:9-52:20
128            android:name="androidx.profileinstaller.ProfileInstallReceiver"
128-->[androidx.profileinstaller:profileinstaller:1.3.0] AndroidManifest.xml:35:13-76
129            android:directBootAware="false"
129-->[androidx.profileinstaller:profileinstaller:1.3.0] AndroidManifest.xml:36:13-44
130            android:enabled="true"
130-->[androidx.profileinstaller:profileinstaller:1.3.0] AndroidManifest.xml:37:13-35
131            android:exported="true"
131-->[androidx.profileinstaller:profileinstaller:1.3.0] AndroidManifest.xml:38:13-36
132            android:permission="android.permission.DUMP" >
132-->[androidx.profileinstaller:profileinstaller:1.3.0] AndroidManifest.xml:39:13-57
133            <intent-filter>
133-->[androidx.profileinstaller:profileinstaller:1.3.0] AndroidManifest.xml:40:13-42:29
134                <action android:name="androidx.profileinstaller.action.INSTALL_PROFILE" />
134-->[androidx.profileinstaller:profileinstaller:1.3.0] AndroidManifest.xml:41:17-91
134-->[androidx.profileinstaller:profileinstaller:1.3.0] AndroidManifest.xml:41:25-88
135            </intent-filter>
136            <intent-filter>
136-->[androidx.profileinstaller:profileinstaller:1.3.0] AndroidManifest.xml:43:13-45:29
137                <action android:name="androidx.profileinstaller.action.SKIP_FILE" />
137-->[androidx.profileinstaller:profileinstaller:1.3.0] AndroidManifest.xml:44:17-85
137-->[androidx.profileinstaller:profileinstaller:1.3.0] AndroidManifest.xml:44:25-82
138            </intent-filter>
139            <intent-filter>
139-->[androidx.profileinstaller:profileinstaller:1.3.0] AndroidManifest.xml:46:13-48:29
140                <action android:name="androidx.profileinstaller.action.SAVE_PROFILE" />
140-->[androidx.profileinstaller:profileinstaller:1.3.0] AndroidManifest.xml:47:17-88
140-->[androidx.profileinstaller:profileinstaller:1.3.0] AndroidManifest.xml:47:25-85
141            </intent-filter>
142            <intent-filter>
142-->[androidx.profileinstaller:profileinstaller:1.3.0] AndroidManifest.xml:49:13-51:29
143                <action android:name="androidx.profileinstaller.action.BENCHMARK_OPERATION" />
143-->[androidx.profileinstaller:profileinstaller:1.3.0] AndroidManifest.xml:50:17-95
143-->[androidx.profileinstaller:profileinstaller:1.3.0] AndroidManifest.xml:50:25-92
144            </intent-filter>
145        </receiver>
146    </application>
147
148</manifest>